<?xml version="1.0" encoding="UTF-8" ?>
<testsuite tests="1" failures="0" name="TestRunner" time="0.449" errors="1" skipped="0">
  <properties>
    <property name="java.runtime.name" value="Java(TM) SE Runtime Environment"/>
    <property name="java.vm.version" value="11.0.12+8-LTS-237"/>
    <property name="sun.boot.library.path" value="C:\Program Files\Java\jdk-11.0.12\bin"/>
    <property name="maven.multiModuleProjectDirectory" value="C:\Users\gaurav.bs.gupta\spring_workspace\MoneyTransferBetweenAccounts"/>
    <property name="java.vm.vendor" value="Oracle Corporation"/>
    <property name="java.vendor.url" value="https://openjdk.java.net/"/>
    <property name="guice.disable.misplaced.annotation.check" value="true"/>
    <property name="path.separator" value=";"/>
    <property name="java.vm.name" value="Java HotSpot(TM) 64-Bit Server VM"/>
    <property name="sun.os.patch.level" value=""/>
    <property name="user.script" value=""/>
    <property name="user.country" value="US"/>
    <property name="sun.java.launcher" value="SUN_STANDARD"/>
    <property name="java.vm.specification.name" value="Java Virtual Machine Specification"/>
    <property name="user.dir" value="C:\Users\gaurav.bs.gupta\spring_workspace\MoneyTransferBetweenAccounts"/>
    <property name="java.vm.compressedOopsMode" value="32-bit"/>
    <property name="java.runtime.version" value="11.0.12+8-LTS-237"/>
    <property name="java.awt.graphicsenv" value="sun.awt.Win32GraphicsEnvironment"/>
    <property name="os.arch" value="amd64"/>
    <property name="java.io.tmpdir" value="C:\Users\GAURAV~1.GUP\AppData\Local\Temp\"/>
    <property name="line.separator" value="
"/>
    <property name="java.vm.specification.vendor" value="Oracle Corporation"/>
    <property name="user.variant" value=""/>
    <property name="os.name" value="Windows 10"/>
    <property name="classworlds.conf" value="C:\Users\gaurav.bs.gupta\spring_workspace\.metadata\.plugins\org.eclipse.m2e.launching\launches\m2conf4688339262092861615.tmp"/>
    <property name="jansi.force" value="true"/>
    <property name="sun.jnu.encoding" value="Cp1252"/>
    <property name="java.library.path" value="C:\Program Files\Java\jdk-11.0.12\bin;C:\WINDOWS\Sun\Java\bin;C:\WINDOWS\system32;C:\WINDOWS;C:/Program Files (x86)/sts-4.12.0.RELEASE//plugins/org.eclipse.justj.openjdk.hotspot.jre.full.win32.x86_64_16.0.2.v20210721-1149/jre/bin/server;C:/Program Files (x86)/sts-4.12.0.RELEASE//plugins/org.eclipse.justj.openjdk.hotspot.jre.full.win32.x86_64_16.0.2.v20210721-1149/jre/bin;C:\Program Files\Common Files\Oracle\Java\javapath;C:\WINDOWS\system32;C:\WINDOWS;C:\WINDOWS\System32\Wbem;C:\WINDOWS\System32\WindowsPowerShell\v1.0\;C:\WINDOWS\System32\OpenSSH\;C:\Program Files (x86)\Symantec\VIP Access Client\;C:\Program Files\nodejs\;C:\Users\gaurav.bs.gupta\AppData\Local\Microsoft\WindowsApps;C:\Users\gaurav.bs.gupta\AppData\Local\Programs\Git\cmd;C:\Program Files\Java\jdk-11.0.12\;C:\Program Files (x86)\apache-maven-3.8.2\bin;C:\Users\gaurav.bs.gupta\AppData\Roaming\npm;C:\Users\gaurav.bs.gupta\AppData\Local\Programs\Microsoft VS Code\bin;C:\Program Files (x86)\sts-4.12.0.RELEASE;;."/>
    <property name="jansi.passthrough" value="true"/>
    <property name="jdk.debug" value="release"/>
    <property name="java.class.version" value="55.0"/>
    <property name="java.specification.name" value="Java Platform API Specification"/>
    <property name="sun.management.compiler" value="HotSpot 64-Bit Tiered Compilers"/>
    <property name="os.version" value="10.0"/>
    <property name="user.home" value="C:\Users\gaurav.bs.gupta"/>
    <property name="user.timezone" value="Asia/Calcutta"/>
    <property name="java.awt.printerjob" value="sun.awt.windows.WPrinterJob"/>
    <property name="file.encoding" value="Cp1252"/>
    <property name="java.specification.version" value="11"/>
    <property name="user.name" value="gaurav.bs.gupta"/>
    <property name="java.class.path" value="C:\Program Files (x86)\sts-4.12.0.RELEASE\plugins\org.eclipse.m2e.maven.runtime_1.18.0.20210618-2246\jars\plexus-classworlds-2.6.0.jar"/>
    <property name="java.vm.specification.version" value="11"/>
    <property name="sun.arch.data.model" value="64"/>
    <property name="sun.java.command" value="org.codehaus.plexus.classworlds.launcher.Launcher -B test -Dstyle.color=always"/>
    <property name="java.home" value="C:\Program Files\Java\jdk-11.0.12"/>
    <property name="user.language" value="en"/>
    <property name="java.specification.vendor" value="Oracle Corporation"/>
    <property name="awt.toolkit" value="sun.awt.windows.WToolkit"/>
    <property name="java.vm.info" value="mixed mode"/>
    <property name="java.version" value="11.0.12"/>
    <property name="java.vendor" value="Oracle Corporation"/>
    <property name="maven.home" value="C:\Users\gaurav.bs.gupta\spring_workspace\MoneyTransferBetweenAccounts\EMBEDDED"/>
    <property name="style.color" value="always"/>
    <property name="file.separator" value="\"/>
    <property name="java.version.date" value="2021-07-20"/>
    <property name="java.vendor.url.bug" value="https://bugreport.java.com/bugreport/"/>
    <property name="sun.io.unicode.encoding" value="UnicodeLittle"/>
    <property name="sun.cpu.endian" value="little"/>
    <property name="java.vendor.version" value="18.9"/>
    <property name="sun.desktop" value="windows"/>
    <property name="sun.cpu.isalist" value="amd64"/>
  </properties>
  <testcase classname="Money Transfer" name="Customer transfers money between deposit accounts" time="0.449">
    <error message="TODO: implement me" type="io.cucumber.java.PendingException">io.cucumber.java.PendingException: TODO: implement me
	at stepDefinitions.TransferFundsBetweenAccounts.my_checking_account_has_balance_of_$(TransferFundsBetweenAccounts.java:10)
	at ✽.My checking account has balance of $2000(file:///C:/Users/gaurav.bs.gupta/spring_workspace/MoneyTransferBetweenAccounts/src/test/resources/features/transfer_funds_betweeen_accounts.feature:4)
</error>
    <system-out>
Scenario: Customer transfers money between deposit accounts        # src/test/resources/features/transfer_funds_betweeen_accounts.feature:3
  Given My checking account has balance of $2000                   # stepDefinitions.TransferFundsBetweenAccounts.my_checking_account_has_balance_of_$(java.lang.Integer)
      io.cucumber.java.PendingException: TODO: implement me
	at stepDefinitions.TransferFundsBetweenAccounts.my_checking_account_has_balance_of_$(TransferFundsBetweenAccounts.java:10)
	at âœ½.My checking account has balance of $2000(file:///C:/Users/gaurav.bs.gupta/spring_workspace/MoneyTransferBetweenAccounts/src/test/resources/features/transfer_funds_betweeen_accounts.feature:4)

  And My saving account has a balance of $3000                     # stepDefinitions.TransferFundsBetweenAccounts.my_saving_account_has_a_balance_of_$(java.lang.Integer)
  When I transfer $100 from my checking account to Savings account # stepDefinitions.TransferFundsBetweenAccounts.i_transfer_$_from_my_checking_account_to_savings_account(java.lang.Integer)
  Then my checking account should have balance of $1900            # stepDefinitions.TransferFundsBetweenAccounts.my_checking_account_should_have_balance_of_$(java.lang.Integer)
  And my saving account should have balance of $3100               # stepDefinitions.TransferFundsBetweenAccounts.my_saving_account_should_have_balance_of_$(java.lang.Integer)
</system-out>
  </testcase>
</testsuite>